<?xml version="1.0" encoding="UTF-8"?>
<testsuite xmlns:xsi="http://www.w3.org/2001/XMLSchema-instance" xsi:noNamespaceSchemaLocation="https://maven.apache.org/surefire/maven-surefire-plugin/xsd/surefire-test-report.xsd" name="mflix.api.daos.TimeoutsTest" time="0.779" tests="2" errors="2" skipped="0" failures="0">
  <properties>
    <property name="java.specification.version" value="13"/>
    <property name="sun.jnu.encoding" value="UTF-8"/>
    <property name="java.class.path" value="/Users/gautamsolaimalai/Desktop/Personal/mongodb/m220j/mflix/target/test-classes:/Users/gautamsolaimalai/Desktop/Personal/mongodb/m220j/mflix/target/classes:/Users/gautamsolaimalai/.m2/repository/org/springframework/boot/spring-boot-starter-web/2.0.3.RELEASE/spring-boot-starter-web-2.0.3.RELEASE.jar:/Users/gautamsolaimalai/.m2/repository/org/springframework/boot/spring-boot-starter/2.0.3.RELEASE/spring-boot-starter-2.0.3.RELEASE.jar:/Users/gautamsolaimalai/.m2/repository/org/springframework/boot/spring-boot-starter-logging/2.0.3.RELEASE/spring-boot-starter-logging-2.0.3.RELEASE.jar:/Users/gautamsolaimalai/.m2/repository/ch/qos/logback/logback-classic/1.2.3/logback-classic-1.2.3.jar:/Users/gautamsolaimalai/.m2/repository/ch/qos/logback/logback-core/1.2.3/logback-core-1.2.3.jar:/Users/gautamsolaimalai/.m2/repository/org/apache/logging/log4j/log4j-to-slf4j/2.10.0/log4j-to-slf4j-2.10.0.jar:/Users/gautamsolaimalai/.m2/repository/org/apache/logging/log4j/log4j-api/2.10.0/log4j-api-2.10.0.jar:/Users/gautamsolaimalai/.m2/repository/org/slf4j/jul-to-slf4j/1.7.25/jul-to-slf4j-1.7.25.jar:/Users/gautamsolaimalai/.m2/repository/javax/annotation/javax.annotation-api/1.3.2/javax.annotation-api-1.3.2.jar:/Users/gautamsolaimalai/.m2/repository/org/yaml/snakeyaml/1.19/snakeyaml-1.19.jar:/Users/gautamsolaimalai/.m2/repository/org/springframework/boot/spring-boot-starter-json/2.0.3.RELEASE/spring-boot-starter-json-2.0.3.RELEASE.jar:/Users/gautamsolaimalai/.m2/repository/com/fasterxml/jackson/datatype/jackson-datatype-jdk8/2.9.6/jackson-datatype-jdk8-2.9.6.jar:/Users/gautamsolaimalai/.m2/repository/com/fasterxml/jackson/datatype/jackson-datatype-jsr310/2.9.6/jackson-datatype-jsr310-2.9.6.jar:/Users/gautamsolaimalai/.m2/repository/com/fasterxml/jackson/module/jackson-module-parameter-names/2.9.6/jackson-module-parameter-names-2.9.6.jar:/Users/gautamsolaimalai/.m2/repository/org/springframework/boot/spring-boot-starter-tomcat/2.0.3.RELEASE/spring-boot-starter-tomcat-2.0.3.RELEASE.jar:/Users/gautamsolaimalai/.m2/repository/org/apache/tomcat/embed/tomcat-embed-core/8.5.31/tomcat-embed-core-8.5.31.jar:/Users/gautamsolaimalai/.m2/repository/org/apache/tomcat/embed/tomcat-embed-el/8.5.31/tomcat-embed-el-8.5.31.jar:/Users/gautamsolaimalai/.m2/repository/org/apache/tomcat/embed/tomcat-embed-websocket/8.5.31/tomcat-embed-websocket-8.5.31.jar:/Users/gautamsolaimalai/.m2/repository/org/hibernate/validator/hibernate-validator/6.0.10.Final/hibernate-validator-6.0.10.Final.jar:/Users/gautamsolaimalai/.m2/repository/javax/validation/validation-api/2.0.1.Final/validation-api-2.0.1.Final.jar:/Users/gautamsolaimalai/.m2/repository/org/jboss/logging/jboss-logging/3.3.2.Final/jboss-logging-3.3.2.Final.jar:/Users/gautamsolaimalai/.m2/repository/com/fasterxml/classmate/1.3.4/classmate-1.3.4.jar:/Users/gautamsolaimalai/.m2/repository/org/springframework/spring-webmvc/5.0.7.RELEASE/spring-webmvc-5.0.7.RELEASE.jar:/Users/gautamsolaimalai/.m2/repository/org/springframework/boot/spring-boot-starter-test/2.0.3.RELEASE/spring-boot-starter-test-2.0.3.RELEASE.jar:/Users/gautamsolaimalai/.m2/repository/org/springframework/boot/spring-boot-test/2.0.3.RELEASE/spring-boot-test-2.0.3.RELEASE.jar:/Users/gautamsolaimalai/.m2/repository/org/springframework/boot/spring-boot-test-autoconfigure/2.0.3.RELEASE/spring-boot-test-autoconfigure-2.0.3.RELEASE.jar:/Users/gautamsolaimalai/.m2/repository/com/jayway/jsonpath/json-path/2.4.0/json-path-2.4.0.jar:/Users/gautamsolaimalai/.m2/repository/net/minidev/json-smart/2.3/json-smart-2.3.jar:/Users/gautamsolaimalai/.m2/repository/net/minidev/accessors-smart/1.2/accessors-smart-1.2.jar:/Users/gautamsolaimalai/.m2/repository/org/ow2/asm/asm/5.0.4/asm-5.0.4.jar:/Users/gautamsolaimalai/.m2/repository/org/slf4j/slf4j-api/1.7.25/slf4j-api-1.7.25.jar:/Users/gautamsolaimalai/.m2/repository/junit/junit/4.12/junit-4.12.jar:/Users/gautamsolaimalai/.m2/repository/org/assertj/assertj-core/3.9.1/assertj-core-3.9.1.jar:/Users/gautamsolaimalai/.m2/repository/org/mockito/mockito-core/2.15.0/mockito-core-2.15.0.jar:/Users/gautamsolaimalai/.m2/repository/net/bytebuddy/byte-buddy/1.7.9/byte-buddy-1.7.9.jar:/Users/gautamsolaimalai/.m2/repository/net/bytebuddy/byte-buddy-agent/1.7.9/byte-buddy-agent-1.7.9.jar:/Users/gautamsolaimalai/.m2/repository/org/objenesis/objenesis/2.6/objenesis-2.6.jar:/Users/gautamsolaimalai/.m2/repository/org/hamcrest/hamcrest-core/1.3/hamcrest-core-1.3.jar:/Users/gautamsolaimalai/.m2/repository/org/hamcrest/hamcrest-library/1.3/hamcrest-library-1.3.jar:/Users/gautamsolaimalai/.m2/repository/org/skyscreamer/jsonassert/1.5.0/jsonassert-1.5.0.jar:/Users/gautamsolaimalai/.m2/repository/com/vaadin/external/google/android-json/0.0.20131108.vaadin1/android-json-0.0.20131108.vaadin1.jar:/Users/gautamsolaimalai/.m2/repository/org/springframework/spring-test/5.0.7.RELEASE/spring-test-5.0.7.RELEASE.jar:/Users/gautamsolaimalai/.m2/repository/org/xmlunit/xmlunit-core/2.5.1/xmlunit-core-2.5.1.jar:/Users/gautamsolaimalai/.m2/repository/org/springframework/boot/spring-boot-starter-security/2.0.4.RELEASE/spring-boot-starter-security-2.0.4.RELEASE.jar:/Users/gautamsolaimalai/.m2/repository/org/springframework/spring-aop/5.0.8.RELEASE/spring-aop-5.0.8.RELEASE.jar:/Users/gautamsolaimalai/.m2/repository/org/springframework/security/spring-security-config/5.0.7.RELEASE/spring-security-config-5.0.7.RELEASE.jar:/Users/gautamsolaimalai/.m2/repository/org/springframework/security/spring-security-core/5.0.7.RELEASE/spring-security-core-5.0.7.RELEASE.jar:/Users/gautamsolaimalai/.m2/repository/org/springframework/security/spring-security-web/5.0.7.RELEASE/spring-security-web-5.0.7.RELEASE.jar:/Users/gautamsolaimalai/.m2/repository/org/springframework/boot/spring-boot/2.0.4.RELEASE/spring-boot-2.0.4.RELEASE.jar:/Users/gautamsolaimalai/.m2/repository/org/springframework/spring-context/5.0.7.RELEASE/spring-context-5.0.7.RELEASE.jar:/Users/gautamsolaimalai/.m2/repository/org/springframework/spring-beans/5.0.7.RELEASE/spring-beans-5.0.7.RELEASE.jar:/Users/gautamsolaimalai/.m2/repository/org/springframework/spring-expression/5.0.7.RELEASE/spring-expression-5.0.7.RELEASE.jar:/Users/gautamsolaimalai/.m2/repository/org/springframework/spring-core/5.0.7.RELEASE/spring-core-5.0.7.RELEASE.jar:/Users/gautamsolaimalai/.m2/repository/org/springframework/spring-jcl/5.0.7.RELEASE/spring-jcl-5.0.7.RELEASE.jar:/Users/gautamsolaimalai/.m2/repository/org/springframework/boot/spring-boot-autoconfigure/2.0.3.RELEASE/spring-boot-autoconfigure-2.0.3.RELEASE.jar:/Users/gautamsolaimalai/.m2/repository/org/springframework/spring-web/5.0.7.RELEASE/spring-web-5.0.7.RELEASE.jar:/Users/gautamsolaimalai/.m2/repository/io/jsonwebtoken/jjwt/0.9.1/jjwt-0.9.1.jar:/Users/gautamsolaimalai/.m2/repository/com/fasterxml/jackson/core/jackson-databind/2.9.6/jackson-databind-2.9.6.jar:/Users/gautamsolaimalai/.m2/repository/com/fasterxml/jackson/core/jackson-annotations/2.9.0/jackson-annotations-2.9.0.jar:/Users/gautamsolaimalai/.m2/repository/com/fasterxml/jackson/core/jackson-core/2.9.6/jackson-core-2.9.6.jar:/Users/gautamsolaimalai/.m2/repository/org/junit/jupiter/junit-jupiter-api/5.1.0/junit-jupiter-api-5.1.0.jar:/Users/gautamsolaimalai/.m2/repository/org/apiguardian/apiguardian-api/1.0.0/apiguardian-api-1.0.0.jar:/Users/gautamsolaimalai/.m2/repository/org/opentest4j/opentest4j/1.0.0/opentest4j-1.0.0.jar:/Users/gautamsolaimalai/.m2/repository/org/junit/platform/junit-platform-commons/1.1.0/junit-platform-commons-1.1.0.jar:/Users/gautamsolaimalai/.m2/repository/org/mongodb/mongodb-driver-sync/3.9.1/mongodb-driver-sync-3.9.1.jar:/Users/gautamsolaimalai/.m2/repository/org/mongodb/bson/3.9.1/bson-3.9.1.jar:/Users/gautamsolaimalai/.m2/repository/org/mongodb/mongodb-driver-core/3.9.1/mongodb-driver-core-3.9.1.jar:"/>
    <property name="java.vm.vendor" value="Oracle Corporation"/>
    <property name="sun.arch.data.model" value="64"/>
    <property name="java.vendor.url" value="https://java.oracle.com/"/>
    <property name="os.name" value="Mac OS X"/>
    <property name="java.vm.specification.version" value="13"/>
    <property name="sun.java.launcher" value="SUN_STANDARD"/>
    <property name="user.country" value="US"/>
    <property name="sun.boot.library.path" value="/Library/Java/JavaVirtualMachines/openjdk-13.0.1.jdk/Contents/Home/lib"/>
    <property name="sun.java.command" value="/Users/gautamsolaimalai/Desktop/Personal/mongodb/m220j/mflix/target/surefire/surefirebooter10874998343349241988.jar /Users/gautamsolaimalai/Desktop/Personal/mongodb/m220j/mflix/target/surefire 2020-01-16T15-18-13_398-jvmRun1 surefire16160391005687198749tmp surefire_013670376120297304398tmp"/>
    <property name="jdk.debug" value="release"/>
    <property name="surefire.test.class.path" value="/Users/gautamsolaimalai/Desktop/Personal/mongodb/m220j/mflix/target/test-classes:/Users/gautamsolaimalai/Desktop/Personal/mongodb/m220j/mflix/target/classes:/Users/gautamsolaimalai/.m2/repository/org/springframework/boot/spring-boot-starter-web/2.0.3.RELEASE/spring-boot-starter-web-2.0.3.RELEASE.jar:/Users/gautamsolaimalai/.m2/repository/org/springframework/boot/spring-boot-starter/2.0.3.RELEASE/spring-boot-starter-2.0.3.RELEASE.jar:/Users/gautamsolaimalai/.m2/repository/org/springframework/boot/spring-boot-starter-logging/2.0.3.RELEASE/spring-boot-starter-logging-2.0.3.RELEASE.jar:/Users/gautamsolaimalai/.m2/repository/ch/qos/logback/logback-classic/1.2.3/logback-classic-1.2.3.jar:/Users/gautamsolaimalai/.m2/repository/ch/qos/logback/logback-core/1.2.3/logback-core-1.2.3.jar:/Users/gautamsolaimalai/.m2/repository/org/apache/logging/log4j/log4j-to-slf4j/2.10.0/log4j-to-slf4j-2.10.0.jar:/Users/gautamsolaimalai/.m2/repository/org/apache/logging/log4j/log4j-api/2.10.0/log4j-api-2.10.0.jar:/Users/gautamsolaimalai/.m2/repository/org/slf4j/jul-to-slf4j/1.7.25/jul-to-slf4j-1.7.25.jar:/Users/gautamsolaimalai/.m2/repository/javax/annotation/javax.annotation-api/1.3.2/javax.annotation-api-1.3.2.jar:/Users/gautamsolaimalai/.m2/repository/org/yaml/snakeyaml/1.19/snakeyaml-1.19.jar:/Users/gautamsolaimalai/.m2/repository/org/springframework/boot/spring-boot-starter-json/2.0.3.RELEASE/spring-boot-starter-json-2.0.3.RELEASE.jar:/Users/gautamsolaimalai/.m2/repository/com/fasterxml/jackson/datatype/jackson-datatype-jdk8/2.9.6/jackson-datatype-jdk8-2.9.6.jar:/Users/gautamsolaimalai/.m2/repository/com/fasterxml/jackson/datatype/jackson-datatype-jsr310/2.9.6/jackson-datatype-jsr310-2.9.6.jar:/Users/gautamsolaimalai/.m2/repository/com/fasterxml/jackson/module/jackson-module-parameter-names/2.9.6/jackson-module-parameter-names-2.9.6.jar:/Users/gautamsolaimalai/.m2/repository/org/springframework/boot/spring-boot-starter-tomcat/2.0.3.RELEASE/spring-boot-starter-tomcat-2.0.3.RELEASE.jar:/Users/gautamsolaimalai/.m2/repository/org/apache/tomcat/embed/tomcat-embed-core/8.5.31/tomcat-embed-core-8.5.31.jar:/Users/gautamsolaimalai/.m2/repository/org/apache/tomcat/embed/tomcat-embed-el/8.5.31/tomcat-embed-el-8.5.31.jar:/Users/gautamsolaimalai/.m2/repository/org/apache/tomcat/embed/tomcat-embed-websocket/8.5.31/tomcat-embed-websocket-8.5.31.jar:/Users/gautamsolaimalai/.m2/repository/org/hibernate/validator/hibernate-validator/6.0.10.Final/hibernate-validator-6.0.10.Final.jar:/Users/gautamsolaimalai/.m2/repository/javax/validation/validation-api/2.0.1.Final/validation-api-2.0.1.Final.jar:/Users/gautamsolaimalai/.m2/repository/org/jboss/logging/jboss-logging/3.3.2.Final/jboss-logging-3.3.2.Final.jar:/Users/gautamsolaimalai/.m2/repository/com/fasterxml/classmate/1.3.4/classmate-1.3.4.jar:/Users/gautamsolaimalai/.m2/repository/org/springframework/spring-webmvc/5.0.7.RELEASE/spring-webmvc-5.0.7.RELEASE.jar:/Users/gautamsolaimalai/.m2/repository/org/springframework/boot/spring-boot-starter-test/2.0.3.RELEASE/spring-boot-starter-test-2.0.3.RELEASE.jar:/Users/gautamsolaimalai/.m2/repository/org/springframework/boot/spring-boot-test/2.0.3.RELEASE/spring-boot-test-2.0.3.RELEASE.jar:/Users/gautamsolaimalai/.m2/repository/org/springframework/boot/spring-boot-test-autoconfigure/2.0.3.RELEASE/spring-boot-test-autoconfigure-2.0.3.RELEASE.jar:/Users/gautamsolaimalai/.m2/repository/com/jayway/jsonpath/json-path/2.4.0/json-path-2.4.0.jar:/Users/gautamsolaimalai/.m2/repository/net/minidev/json-smart/2.3/json-smart-2.3.jar:/Users/gautamsolaimalai/.m2/repository/net/minidev/accessors-smart/1.2/accessors-smart-1.2.jar:/Users/gautamsolaimalai/.m2/repository/org/ow2/asm/asm/5.0.4/asm-5.0.4.jar:/Users/gautamsolaimalai/.m2/repository/org/slf4j/slf4j-api/1.7.25/slf4j-api-1.7.25.jar:/Users/gautamsolaimalai/.m2/repository/junit/junit/4.12/junit-4.12.jar:/Users/gautamsolaimalai/.m2/repository/org/assertj/assertj-core/3.9.1/assertj-core-3.9.1.jar:/Users/gautamsolaimalai/.m2/repository/org/mockito/mockito-core/2.15.0/mockito-core-2.15.0.jar:/Users/gautamsolaimalai/.m2/repository/net/bytebuddy/byte-buddy/1.7.9/byte-buddy-1.7.9.jar:/Users/gautamsolaimalai/.m2/repository/net/bytebuddy/byte-buddy-agent/1.7.9/byte-buddy-agent-1.7.9.jar:/Users/gautamsolaimalai/.m2/repository/org/objenesis/objenesis/2.6/objenesis-2.6.jar:/Users/gautamsolaimalai/.m2/repository/org/hamcrest/hamcrest-core/1.3/hamcrest-core-1.3.jar:/Users/gautamsolaimalai/.m2/repository/org/hamcrest/hamcrest-library/1.3/hamcrest-library-1.3.jar:/Users/gautamsolaimalai/.m2/repository/org/skyscreamer/jsonassert/1.5.0/jsonassert-1.5.0.jar:/Users/gautamsolaimalai/.m2/repository/com/vaadin/external/google/android-json/0.0.20131108.vaadin1/android-json-0.0.20131108.vaadin1.jar:/Users/gautamsolaimalai/.m2/repository/org/springframework/spring-test/5.0.7.RELEASE/spring-test-5.0.7.RELEASE.jar:/Users/gautamsolaimalai/.m2/repository/org/xmlunit/xmlunit-core/2.5.1/xmlunit-core-2.5.1.jar:/Users/gautamsolaimalai/.m2/repository/org/springframework/boot/spring-boot-starter-security/2.0.4.RELEASE/spring-boot-starter-security-2.0.4.RELEASE.jar:/Users/gautamsolaimalai/.m2/repository/org/springframework/spring-aop/5.0.8.RELEASE/spring-aop-5.0.8.RELEASE.jar:/Users/gautamsolaimalai/.m2/repository/org/springframework/security/spring-security-config/5.0.7.RELEASE/spring-security-config-5.0.7.RELEASE.jar:/Users/gautamsolaimalai/.m2/repository/org/springframework/security/spring-security-core/5.0.7.RELEASE/spring-security-core-5.0.7.RELEASE.jar:/Users/gautamsolaimalai/.m2/repository/org/springframework/security/spring-security-web/5.0.7.RELEASE/spring-security-web-5.0.7.RELEASE.jar:/Users/gautamsolaimalai/.m2/repository/org/springframework/boot/spring-boot/2.0.4.RELEASE/spring-boot-2.0.4.RELEASE.jar:/Users/gautamsolaimalai/.m2/repository/org/springframework/spring-context/5.0.7.RELEASE/spring-context-5.0.7.RELEASE.jar:/Users/gautamsolaimalai/.m2/repository/org/springframework/spring-beans/5.0.7.RELEASE/spring-beans-5.0.7.RELEASE.jar:/Users/gautamsolaimalai/.m2/repository/org/springframework/spring-expression/5.0.7.RELEASE/spring-expression-5.0.7.RELEASE.jar:/Users/gautamsolaimalai/.m2/repository/org/springframework/spring-core/5.0.7.RELEASE/spring-core-5.0.7.RELEASE.jar:/Users/gautamsolaimalai/.m2/repository/org/springframework/spring-jcl/5.0.7.RELEASE/spring-jcl-5.0.7.RELEASE.jar:/Users/gautamsolaimalai/.m2/repository/org/springframework/boot/spring-boot-autoconfigure/2.0.3.RELEASE/spring-boot-autoconfigure-2.0.3.RELEASE.jar:/Users/gautamsolaimalai/.m2/repository/org/springframework/spring-web/5.0.7.RELEASE/spring-web-5.0.7.RELEASE.jar:/Users/gautamsolaimalai/.m2/repository/io/jsonwebtoken/jjwt/0.9.1/jjwt-0.9.1.jar:/Users/gautamsolaimalai/.m2/repository/com/fasterxml/jackson/core/jackson-databind/2.9.6/jackson-databind-2.9.6.jar:/Users/gautamsolaimalai/.m2/repository/com/fasterxml/jackson/core/jackson-annotations/2.9.0/jackson-annotations-2.9.0.jar:/Users/gautamsolaimalai/.m2/repository/com/fasterxml/jackson/core/jackson-core/2.9.6/jackson-core-2.9.6.jar:/Users/gautamsolaimalai/.m2/repository/org/junit/jupiter/junit-jupiter-api/5.1.0/junit-jupiter-api-5.1.0.jar:/Users/gautamsolaimalai/.m2/repository/org/apiguardian/apiguardian-api/1.0.0/apiguardian-api-1.0.0.jar:/Users/gautamsolaimalai/.m2/repository/org/opentest4j/opentest4j/1.0.0/opentest4j-1.0.0.jar:/Users/gautamsolaimalai/.m2/repository/org/junit/platform/junit-platform-commons/1.1.0/junit-platform-commons-1.1.0.jar:/Users/gautamsolaimalai/.m2/repository/org/mongodb/mongodb-driver-sync/3.9.1/mongodb-driver-sync-3.9.1.jar:/Users/gautamsolaimalai/.m2/repository/org/mongodb/bson/3.9.1/bson-3.9.1.jar:/Users/gautamsolaimalai/.m2/repository/org/mongodb/mongodb-driver-core/3.9.1/mongodb-driver-core-3.9.1.jar:"/>
    <property name="sun.cpu.endian" value="little"/>
    <property name="user.home" value="/Users/gautamsolaimalai"/>
    <property name="user.language" value="en"/>
    <property name="java.specification.vendor" value="Oracle Corporation"/>
    <property name="java.version.date" value="2019-10-15"/>
    <property name="java.home" value="/Library/Java/JavaVirtualMachines/openjdk-13.0.1.jdk/Contents/Home"/>
    <property name="file.separator" value="/"/>
    <property name="basedir" value="/Users/gautamsolaimalai/Desktop/Personal/mongodb/m220j/mflix"/>
    <property name="java.vm.compressedOopsMode" value="Zero based"/>
    <property name="line.separator" value="&#10;"/>
    <property name="java.vm.specification.vendor" value="Oracle Corporation"/>
    <property name="java.specification.name" value="Java Platform API Specification"/>
    <property name="surefire.real.class.path" value="/Users/gautamsolaimalai/Desktop/Personal/mongodb/m220j/mflix/target/surefire/surefirebooter10874998343349241988.jar"/>
    <property name="sun.management.compiler" value="HotSpot 64-Bit Tiered Compilers"/>
    <property name="java.runtime.version" value="13.0.1+9"/>
    <property name="user.name" value="gautamsolaimalai"/>
    <property name="path.separator" value=":"/>
    <property name="os.version" value="10.15.2"/>
    <property name="java.runtime.name" value="OpenJDK Runtime Environment"/>
    <property name="file.encoding" value="UTF-8"/>
    <property name="java.vm.name" value="OpenJDK 64-Bit Server VM"/>
    <property name="localRepository" value="/Users/gautamsolaimalai/.m2/repository"/>
    <property name="java.vendor.url.bug" value="https://bugreport.java.com/bugreport/"/>
    <property name="java.io.tmpdir" value="/var/folders/ds/g3kpsr651ll2v2_j8ff2pdl40000gn/T/"/>
    <property name="java.version" value="13.0.1"/>
    <property name="user.dir" value="/Users/gautamsolaimalai/Desktop/Personal/mongodb/m220j/mflix"/>
    <property name="os.arch" value="x86_64"/>
    <property name="java.vm.specification.name" value="Java Virtual Machine Specification"/>
    <property name="java.library.path" value="/Users/gautamsolaimalai/Library/Java/Extensions:/Library/Java/Extensions:/Network/Library/Java/Extensions:/System/Library/Java/Extensions:/usr/lib/java:."/>
    <property name="java.vm.info" value="mixed mode, sharing"/>
    <property name="java.vendor" value="Oracle Corporation"/>
    <property name="java.vm.version" value="13.0.1+9"/>
    <property name="sun.io.unicode.encoding" value="UnicodeBig"/>
    <property name="java.class.version" value="57.0"/>
  </properties>
  <testcase name="testConfiguredConnectionTimeoutMs" classname="mflix.api.daos.TimeoutsTest" time="0.077">
    <error type="java.lang.NullPointerException">java.lang.NullPointerException
	at mflix.api.daos.TimeoutsTest.testConfiguredConnectionTimeoutMs(TimeoutsTest.java:58)
</error>
    <system-out><![CDATA[2020-01-16 15:18:19.579  INFO 19744 --- [           main] .b.t.c.SpringBootTestContextBootstrapper : Neither @ContextConfiguration nor @ContextHierarchy found for test class [mflix.api.daos.TimeoutsTest], using SpringBootContextLoader
2020-01-16 15:18:19.579  INFO 19744 --- [           main] o.s.t.c.support.AbstractContextLoader    : Could not detect default resource locations for test class [mflix.api.daos.TimeoutsTest]: no resource found for suffixes {-context.xml, Context.groovy}.
2020-01-16 15:18:19.582  INFO 19744 --- [           main] .b.t.c.SpringBootTestContextBootstrapper : Loaded default TestExecutionListener class names from location [META-INF/spring.factories]: [org.springframework.boot.test.mock.mockito.MockitoTestExecutionListener, org.springframework.boot.test.mock.mockito.ResetMocksTestExecutionListener, org.springframework.boot.test.autoconfigure.restdocs.RestDocsTestExecutionListener, org.springframework.boot.test.autoconfigure.web.client.MockRestServiceServerResetTestExecutionListener, org.springframework.boot.test.autoconfigure.web.servlet.MockMvcPrintOnlyOnFailureTestExecutionListener, org.springframework.boot.test.autoconfigure.web.servlet.WebDriverTestExecutionListener, org.springframework.test.context.web.ServletTestExecutionListener, org.springframework.test.context.support.DirtiesContextBeforeModesTestExecutionListener, org.springframework.test.context.support.DependencyInjectionTestExecutionListener, org.springframework.test.context.support.DirtiesContextTestExecutionListener, org.springframework.test.context.transaction.TransactionalTestExecutionListener, org.springframework.test.context.jdbc.SqlScriptsTestExecutionListener]
2020-01-16 15:18:19.584  INFO 19744 --- [           main] .b.t.c.SpringBootTestContextBootstrapper : Using TestExecutionListeners: [org.springframework.test.context.web.ServletTestExecutionListener@5b1efaaf, org.springframework.test.context.support.DirtiesContextBeforeModesTestExecutionListener@27585351, org.springframework.boot.test.mock.mockito.MockitoTestExecutionListener@2de6f1bc, org.springframework.boot.test.autoconfigure.SpringBootDependencyInjectionTestExecutionListener@5b35c7d, org.springframework.test.context.support.DirtiesContextTestExecutionListener@29d405e6, org.springframework.boot.test.mock.mockito.ResetMocksTestExecutionListener@4c731956, org.springframework.boot.test.autoconfigure.restdocs.RestDocsTestExecutionListener@56826a75, org.springframework.boot.test.autoconfigure.web.client.MockRestServiceServerResetTestExecutionListener@49cd946c, org.springframework.boot.test.autoconfigure.web.servlet.MockMvcPrintOnlyOnFailureTestExecutionListener@40bf4386, org.springframework.boot.test.autoconfigure.web.servlet.WebDriverTestExecutionListener@14d25b6e]

  .   ____          _            __ _ _
 /\\ / ___'_ __ _ _(_)_ __  __ _ \ \ \ \
( ( )\___ | '_ | '_| | '_ \/ _` | \ \ \ \
 \\/  ___)| |_)| | | | | || (_| |  ) ) ) )
  '  |____| .__|_| |_|_| |_\__, | / / / /
 =========|_|==============|___/=/_/_/_/
 :: Spring Boot ::        (v2.0.4.RELEASE)

2020-01-16 15:18:19.625  INFO 19744 --- [           main] mflix.api.daos.TimeoutsTest              : Starting TimeoutsTest on Gautams-MacBook-Pro-2.local with PID 19744 (started by gautamsolaimalai in /Users/gautamsolaimalai/Desktop/Personal/mongodb/m220j/mflix)
2020-01-16 15:18:19.626  INFO 19744 --- [           main] mflix.api.daos.TimeoutsTest              : No active profile set, falling back to default profiles: default
2020-01-16 15:18:19.628  INFO 19744 --- [           main] o.s.w.c.s.GenericWebApplicationContext   : Refreshing org.springframework.web.context.support.GenericWebApplicationContext@52bd9a27: startup date [Thu Jan 16 15:18:19 EST 2020]; root of context hierarchy
2020-01-16 15:18:19.849  INFO 19744 --- [           main] org.mongodb.driver.cluster               : Cluster created with settings {hosts=[mflix-shard-00-02-fd263.mongodb.net:27017, mflix-shard-00-00-fd263.mongodb.net:27017, mflix-shard-00-01-fd263.mongodb.net:27017], mode=MULTIPLE, requiredClusterType=REPLICA_SET, serverSelectionTimeout='30000 ms', maxWaitQueueSize=500, requiredReplicaSetName='mflix-shard-0'}
2020-01-16 15:18:19.849  INFO 19744 --- [           main] org.mongodb.driver.cluster               : Adding discovered server mflix-shard-00-02-fd263.mongodb.net:27017 to client view of cluster
2020-01-16 15:18:19.851  INFO 19744 --- [           main] org.mongodb.driver.cluster               : Adding discovered server mflix-shard-00-00-fd263.mongodb.net:27017 to client view of cluster
2020-01-16 15:18:19.852  INFO 19744 --- [           main] org.mongodb.driver.cluster               : Adding discovered server mflix-shard-00-01-fd263.mongodb.net:27017 to client view of cluster
2020-01-16 15:18:19.963  INFO 19744 --- [           main] o.s.w.s.handler.SimpleUrlHandlerMapping  : Mapped URL path [/**/favicon.ico] onto handler of type [class org.springframework.web.servlet.resource.ResourceHttpRequestHandler]
2020-01-16 15:18:20.030  INFO 19744 --- [           main] s.w.s.m.m.a.RequestMappingHandlerAdapter : Looking for @ControllerAdvice: org.springframework.web.context.support.GenericWebApplicationContext@52bd9a27: startup date [Thu Jan 16 15:18:19 EST 2020]; root of context hierarchy
2020-01-16 15:18:20.044  INFO 19744 --- [           main] s.w.s.m.m.a.RequestMappingHandlerMapping : Mapped "{[/error]}" onto public org.springframework.http.ResponseEntity<java.util.Map<java.lang.String, java.lang.Object>> org.springframework.boot.autoconfigure.web.servlet.error.BasicErrorController.error(javax.servlet.http.HttpServletRequest)
2020-01-16 15:18:20.045  INFO 19744 --- [           main] s.w.s.m.m.a.RequestMappingHandlerMapping : Mapped "{[/error],produces=[text/html]}" onto public org.springframework.web.servlet.ModelAndView org.springframework.boot.autoconfigure.web.servlet.error.BasicErrorController.errorHtml(javax.servlet.http.HttpServletRequest,javax.servlet.http.HttpServletResponse)
2020-01-16 15:18:20.061  INFO 19744 --- [           main] o.s.w.s.handler.SimpleUrlHandlerMapping  : Mapped URL path [/webjars/**] onto handler of type [class org.springframework.web.servlet.resource.ResourceHttpRequestHandler]
2020-01-16 15:18:20.061  INFO 19744 --- [           main] o.s.w.s.handler.SimpleUrlHandlerMapping  : Mapped URL path [/**] onto handler of type [class org.springframework.web.servlet.resource.ResourceHttpRequestHandler]
2020-01-16 15:18:20.083  INFO 19744 --- [           main] o.s.b.a.w.s.WelcomePageHandlerMapping    : Adding welcome page: class path resource [build/index.html]
2020-01-16 15:18:20.153  INFO 19744 --- [           main] .s.s.UserDetailsServiceAutoConfiguration : 

Using generated security password: 3f6e2814-cdfd-4428-a523-b9fa9940f453

2020-01-16 15:18:20.158  INFO 19744 --- [ngodb.net:27017] org.mongodb.driver.connection            : Opened connection [connectionId{localValue:6, serverValue:111761}] to mflix-shard-00-00-fd263.mongodb.net:27017
2020-01-16 15:18:20.162  INFO 19744 --- [ngodb.net:27017] org.mongodb.driver.connection            : Opened connection [connectionId{localValue:5, serverValue:122073}] to mflix-shard-00-02-fd263.mongodb.net:27017
2020-01-16 15:18:20.162  INFO 19744 --- [ngodb.net:27017] org.mongodb.driver.connection            : Opened connection [connectionId{localValue:7, serverValue:123693}] to mflix-shard-00-01-fd263.mongodb.net:27017
2020-01-16 15:18:20.202  INFO 19744 --- [ngodb.net:27017] org.mongodb.driver.cluster               : Monitor thread successfully connected to server with description ServerDescription{address=mflix-shard-00-00-fd263.mongodb.net:27017, type=REPLICA_SET_SECONDARY, state=CONNECTED, ok=true, version=ServerVersion{versionList=[4, 2, 2]}, minWireVersion=0, maxWireVersion=8, maxDocumentSize=16777216, logicalSessionTimeoutMinutes=30, roundTripTimeNanos=42739976, setName='mflix-shard-0', canonicalAddress=mflix-shard-00-00-fd263.mongodb.net:27017, hosts=[mflix-shard-00-00-fd263.mongodb.net:27017, mflix-shard-00-02-fd263.mongodb.net:27017, mflix-shard-00-01-fd263.mongodb.net:27017], passives=[], arbiters=[], primary='mflix-shard-00-02-fd263.mongodb.net:27017', tagSet=TagSet{[Tag{name='nodeType', value='ELECTABLE'}, Tag{name='provider', value='AWS'}, Tag{name='region', value='US_EAST_1'}]}, electionId=null, setVersion=2, lastWriteDate=Thu Jan 16 15:18:19 EST 2020, lastUpdateTimeNanos=14263775437628}
2020-01-16 15:18:20.207  INFO 19744 --- [ngodb.net:27017] org.mongodb.driver.cluster               : Monitor thread successfully connected to server with description ServerDescription{address=mflix-shard-00-02-fd263.mongodb.net:27017, type=REPLICA_SET_PRIMARY, state=CONNECTED, ok=true, version=ServerVersion{versionList=[4, 2, 2]}, minWireVersion=0, maxWireVersion=8, maxDocumentSize=16777216, logicalSessionTimeoutMinutes=30, roundTripTimeNanos=44373778, setName='mflix-shard-0', canonicalAddress=mflix-shard-00-02-fd263.mongodb.net:27017, hosts=[mflix-shard-00-00-fd263.mongodb.net:27017, mflix-shard-00-02-fd263.mongodb.net:27017, mflix-shard-00-01-fd263.mongodb.net:27017], passives=[], arbiters=[], primary='mflix-shard-00-02-fd263.mongodb.net:27017', tagSet=TagSet{[Tag{name='region', value='US_EAST_1'}, Tag{name='nodeType', value='ELECTABLE'}, Tag{name='provider', value='AWS'}]}, electionId=7fffffff0000000000000006, setVersion=2, lastWriteDate=Thu Jan 16 15:18:19 EST 2020, lastUpdateTimeNanos=14263780639234}
2020-01-16 15:18:20.207  INFO 19744 --- [ngodb.net:27017] org.mongodb.driver.cluster               : Setting max election id to 7fffffff0000000000000006 from replica set primary mflix-shard-00-02-fd263.mongodb.net:27017
2020-01-16 15:18:20.208  INFO 19744 --- [ngodb.net:27017] org.mongodb.driver.cluster               : Setting max set version to 2 from replica set primary mflix-shard-00-02-fd263.mongodb.net:27017
2020-01-16 15:18:20.208  INFO 19744 --- [ngodb.net:27017] org.mongodb.driver.cluster               : Discovered replica set primary mflix-shard-00-02-fd263.mongodb.net:27017
2020-01-16 15:18:20.214  INFO 19744 --- [           main] o.s.s.web.DefaultSecurityFilterChain     : Creating filter chain: org.springframework.security.web.util.matcher.AnyRequestMatcher@1, [org.springframework.security.web.context.request.async.WebAsyncManagerIntegrationFilter@4a216eb4, org.springframework.security.web.context.SecurityContextPersistenceFilter@1c98b4eb, org.springframework.security.web.header.HeaderWriterFilter@10f405ff, org.springframework.security.web.csrf.CsrfFilter@26c8b296, org.springframework.security.web.authentication.logout.LogoutFilter@6cc64028, org.springframework.security.web.authentication.UsernamePasswordAuthenticationFilter@11c88cca, org.springframework.security.web.authentication.ui.DefaultLoginPageGeneratingFilter@3520958b, org.springframework.security.web.authentication.www.BasicAuthenticationFilter@1b37fbec, org.springframework.security.web.savedrequest.RequestCacheAwareFilter@45801322, org.springframework.security.web.servletapi.SecurityContextHolderAwareRequestFilter@756b2d90, org.springframework.security.web.authentication.AnonymousAuthenticationFilter@bb3ecfe, org.springframework.security.web.session.SessionManagementFilter@7f27f59b, org.springframework.security.web.access.ExceptionTranslationFilter@1d289d3f, org.springframework.security.web.access.intercept.FilterSecurityInterceptor@6a1568d6]
2020-01-16 15:18:20.230  INFO 19744 --- [ngodb.net:27017] org.mongodb.driver.cluster               : Monitor thread successfully connected to server with description ServerDescription{address=mflix-shard-00-01-fd263.mongodb.net:27017, type=REPLICA_SET_SECONDARY, state=CONNECTED, ok=true, version=ServerVersion{versionList=[4, 2, 2]}, minWireVersion=0, maxWireVersion=8, maxDocumentSize=16777216, logicalSessionTimeoutMinutes=30, roundTripTimeNanos=67574971, setName='mflix-shard-0', canonicalAddress=mflix-shard-00-01-fd263.mongodb.net:27017, hosts=[mflix-shard-00-00-fd263.mongodb.net:27017, mflix-shard-00-02-fd263.mongodb.net:27017, mflix-shard-00-01-fd263.mongodb.net:27017], passives=[], arbiters=[], primary='mflix-shard-00-02-fd263.mongodb.net:27017', tagSet=TagSet{[Tag{name='region', value='US_EAST_1'}, Tag{name='provider', value='AWS'}, Tag{name='nodeType', value='ELECTABLE'}]}, electionId=null, setVersion=2, lastWriteDate=Thu Jan 16 15:18:19 EST 2020, lastUpdateTimeNanos=14263803859864}
2020-01-16 15:18:20.282  INFO 19744 --- [           main] mflix.api.daos.TimeoutsTest              : Started TimeoutsTest in 0.696 seconds (JVM running for 6.695)
2020-01-16 15:18:20.311  INFO 19744 --- [           main] org.mongodb.driver.cluster               : Cluster created with settings {hosts=[mflix-shard-00-02-fd263.mongodb.net:27017, mflix-shard-00-00-fd263.mongodb.net:27017, mflix-shard-00-01-fd263.mongodb.net:27017], mode=MULTIPLE, requiredClusterType=REPLICA_SET, serverSelectionTimeout='30000 ms', maxWaitQueueSize=500, requiredReplicaSetName='mflix-shard-0'}
2020-01-16 15:18:20.311  INFO 19744 --- [           main] org.mongodb.driver.cluster               : Adding discovered server mflix-shard-00-02-fd263.mongodb.net:27017 to client view of cluster
2020-01-16 15:18:20.312  INFO 19744 --- [           main] org.mongodb.driver.cluster               : Adding discovered server mflix-shard-00-00-fd263.mongodb.net:27017 to client view of cluster
2020-01-16 15:18:20.313  INFO 19744 --- [           main] org.mongodb.driver.cluster               : Adding discovered server mflix-shard-00-01-fd263.mongodb.net:27017 to client view of cluster
]]></system-out>
  </testcase>
  <testcase name="testConfiguredWtimeout" classname="mflix.api.daos.TimeoutsTest" time="0.019">
    <error type="java.lang.NullPointerException">java.lang.NullPointerException
	at mflix.api.daos.TimeoutsTest.testConfiguredWtimeout(TimeoutsTest.java:49)
</error>
    <system-out><![CDATA[2020-01-16 15:18:20.379  INFO 19744 --- [           main] org.mongodb.driver.cluster               : Cluster created with settings {hosts=[mflix-shard-00-02-fd263.mongodb.net:27017, mflix-shard-00-00-fd263.mongodb.net:27017, mflix-shard-00-01-fd263.mongodb.net:27017], mode=MULTIPLE, requiredClusterType=REPLICA_SET, serverSelectionTimeout='30000 ms', maxWaitQueueSize=500, requiredReplicaSetName='mflix-shard-0'}
2020-01-16 15:18:20.379  INFO 19744 --- [           main] org.mongodb.driver.cluster               : Adding discovered server mflix-shard-00-02-fd263.mongodb.net:27017 to client view of cluster
2020-01-16 15:18:20.380  INFO 19744 --- [           main] org.mongodb.driver.cluster               : Adding discovered server mflix-shard-00-00-fd263.mongodb.net:27017 to client view of cluster
2020-01-16 15:18:20.381  INFO 19744 --- [           main] org.mongodb.driver.cluster               : Adding discovered server mflix-shard-00-01-fd263.mongodb.net:27017 to client view of cluster
]]></system-out>
  </testcase>
</testsuite>